[INFO] 2016-11-08 10:21:44.665 [org.springframework.context.support.AbstractApplicationContext.doClose(AbstractApplicationContext.java:982)]
Closing WebApplicationContext for namespace 'mvc-servlet': startup date [Mon Nov 07 19:33:04 CST 2016]; parent: Root WebApplicationContext

[WARN] 2016-11-08 10:21:44.673 [com.gf.ims.common.listener.GlobalListener.contextDestroyed(GlobalListener.java:19)]
-----------------容器开始销毁-----------------

[WARN] 2016-11-08 10:21:44.673 [com.gf.ims.common.listener.GlobalListener.contextDestroyed(GlobalListener.java:20)]
*****************容器完成销毁*****************

[INFO] 2016-11-08 10:21:49.183 [com.gf.ims.common.listener.GlobalListener.contextInitialized(GlobalListener.java:24)]
-----------------容器开始初始化-----------------

[INFO] 2016-11-08 10:21:49.186 [com.gf.ims.common.listener.GlobalListener.contextInitialized(GlobalListener.java:31)]
获取spring的容器成功！

[INFO] 2016-11-08 10:21:49.187 [com.gf.ims.common.listener.GlobalListener.contextInitialized(GlobalListener.java:34)]
*****************容器完成初始化*****************

[INFO] 2016-11-08 10:21:49.267 [org.springframework.web.servlet.FrameworkServlet.initServletBean(FrameworkServlet.java:489)]
FrameworkServlet 'mvc': initialization started

[INFO] 2016-11-08 10:21:49.270 [org.springframework.context.support.AbstractApplicationContext.prepareRefresh(AbstractApplicationContext.java:581)]
Refreshing WebApplicationContext for namespace 'mvc-servlet': startup date [Tue Nov 08 10:21:49 CST 2016]; parent: Root WebApplicationContext

[INFO] 2016-11-08 10:21:49.271 [org.springframework.beans.factory.xml.XmlBeanDefinitionReader.loadBeanDefinitions(XmlBeanDefinitionReader.java:317)]
Loading XML bean definitions from class path resource [com/gf/ims/resources/spring-mvc.xml]

[INFO] 2016-11-08 10:21:49.800 [org.springframework.web.servlet.handler.AbstractHandlerMethodMapping$MappingRegistry.register(AbstractHandlerMethodMapping.java:543)]
Mapped "{[/pay/wx_notifyUrl]}" onto public java.lang.String com.gf.ims.pay.controller.PayCenterController.notifyUrl(javax.servlet.http.HttpServletRequest,javax.servlet.http.HttpServletResponse)

[INFO] 2016-11-08 10:21:49.801 [org.springframework.web.servlet.handler.AbstractHandlerMethodMapping$MappingRegistry.register(AbstractHandlerMethodMapping.java:543)]
Mapped "{[/pay/external/getWxPrepayidRequest]}" onto public java.lang.String com.gf.ims.pay.controller.PayCenterController.getWxPrepayidRequest(int,java.lang.String,java.lang.String,double,java.lang.String,java.lang.String,java.lang.String,java.lang.String,java.lang.String,java.lang.Integer,java.lang.String,java.lang.String,javax.servlet.http.HttpServletRequest,javax.servlet.http.HttpServletResponse) throws java.io.IOException

[INFO] 2016-11-08 10:21:49.802 [org.springframework.web.servlet.handler.AbstractHandlerMethodMapping$MappingRegistry.register(AbstractHandlerMethodMapping.java:543)]
Mapped "{[/pay/external/getWxPayOrderStatus]}" onto public java.lang.String com.gf.ims.pay.controller.PayCenterController.getWxPayOrderStatus(int,java.lang.String,java.lang.String,java.lang.String,java.lang.String,java.lang.Integer,java.lang.String,javax.servlet.http.HttpServletRequest,javax.servlet.http.HttpServletResponse) throws java.io.IOException

[INFO] 2016-11-08 10:21:49.802 [org.springframework.web.servlet.handler.AbstractHandlerMethodMapping$MappingRegistry.register(AbstractHandlerMethodMapping.java:543)]
Mapped "{[/base/goURL/{folder1}/{folder2}/{file}]}" onto public java.lang.String com.gf.ims.web.acion.BaseAction.goURL(java.lang.String,java.lang.String,java.lang.String)

[INFO] 2016-11-08 10:21:49.803 [org.springframework.web.servlet.handler.AbstractHandlerMethodMapping$MappingRegistry.register(AbstractHandlerMethodMapping.java:543)]
Mapped "{[/test/test]}" onto public java.lang.Object com.gf.ims.web.acion.TestAction.Test()

[INFO] 2016-11-08 10:21:49.899 [org.springframework.web.servlet.mvc.method.annotation.RequestMappingHandlerAdapter.initControllerAdviceCache(RequestMappingHandlerAdapter.java:534)]
Looking for @ControllerAdvice: WebApplicationContext for namespace 'mvc-servlet': startup date [Tue Nov 08 10:21:49 CST 2016]; parent: Root WebApplicationContext

[INFO] 2016-11-08 10:21:49.963 [org.springframework.web.servlet.mvc.method.annotation.RequestMappingHandlerAdapter.initControllerAdviceCache(RequestMappingHandlerAdapter.java:534)]
Looking for @ControllerAdvice: WebApplicationContext for namespace 'mvc-servlet': startup date [Tue Nov 08 10:21:49 CST 2016]; parent: Root WebApplicationContext

[INFO] 2016-11-08 10:21:50.145 [org.springframework.web.servlet.FrameworkServlet.initServletBean(FrameworkServlet.java:508)]
FrameworkServlet 'mvc': initialization completed in 878 ms

