[INFO] 2016-10-25 11:13:27.857 [com.gf.ims.common.listener.GlobalListener.contextInitialized(GlobalListener.java:24)]
-----------------容器开始初始化-----------------

[INFO] 2016-10-25 11:13:27.861 [com.gf.ims.common.listener.GlobalListener.contextInitialized(GlobalListener.java:31)]
获取spring的容器成功！

[INFO] 2016-10-25 11:13:27.863 [com.gf.ims.common.listener.GlobalListener.contextInitialized(GlobalListener.java:34)]
*****************容器完成初始化*****************

[INFO] 2016-10-25 11:13:27.945 [org.springframework.web.servlet.FrameworkServlet.initServletBean(FrameworkServlet.java:489)]
FrameworkServlet 'mvc': initialization started

[INFO] 2016-10-25 11:13:27.948 [org.springframework.context.support.AbstractApplicationContext.prepareRefresh(AbstractApplicationContext.java:581)]
Refreshing WebApplicationContext for namespace 'mvc-servlet': startup date [Tue Oct 25 11:13:27 CST 2016]; parent: Root WebApplicationContext

[INFO] 2016-10-25 11:13:27.949 [org.springframework.beans.factory.xml.XmlBeanDefinitionReader.loadBeanDefinitions(XmlBeanDefinitionReader.java:317)]
Loading XML bean definitions from class path resource [com/gf/ims/resources/spring-mvc.xml]

[INFO] 2016-10-25 11:13:28.841 [org.springframework.web.servlet.handler.AbstractHandlerMethodMapping$MappingRegistry.register(AbstractHandlerMethodMapping.java:543)]
Mapped "{[/pay/external/getWxPrepayidRequest]}" onto public java.lang.String com.gf.ims.pay.controller.PayCenterController.getWxPrepayidRequest(int,java.lang.String,java.lang.String,double,java.lang.String,java.lang.String,java.lang.String,java.lang.String,java.lang.String,java.lang.Integer,java.lang.String,java.lang.String,javax.servlet.http.HttpServletRequest,javax.servlet.http.HttpServletResponse) throws java.io.IOException

[INFO] 2016-10-25 11:13:28.842 [org.springframework.web.servlet.handler.AbstractHandlerMethodMapping$MappingRegistry.register(AbstractHandlerMethodMapping.java:543)]
Mapped "{[/pay/external/getWxPayOrderStatus]}" onto public java.lang.String com.gf.ims.pay.controller.PayCenterController.getWxPayOrderStatus(int,java.lang.String,java.lang.String,java.lang.String,java.lang.String,java.lang.Integer,java.lang.String,javax.servlet.http.HttpServletRequest,javax.servlet.http.HttpServletResponse) throws java.io.IOException

[INFO] 2016-10-25 11:13:28.844 [org.springframework.web.servlet.handler.AbstractHandlerMethodMapping$MappingRegistry.register(AbstractHandlerMethodMapping.java:543)]
Mapped "{[/base/goURL/{folder1}/{folder2}/{file}]}" onto public java.lang.String com.gf.ims.web.acion.BaseAction.goURL(java.lang.String,java.lang.String,java.lang.String)

[INFO] 2016-10-25 11:13:28.845 [org.springframework.web.servlet.handler.AbstractHandlerMethodMapping$MappingRegistry.register(AbstractHandlerMethodMapping.java:543)]
Mapped "{[/test/test]}" onto public java.lang.Object com.gf.ims.web.acion.TestAction.Test()

[INFO] 2016-10-25 11:13:28.941 [org.springframework.web.servlet.mvc.method.annotation.RequestMappingHandlerAdapter.initControllerAdviceCache(RequestMappingHandlerAdapter.java:534)]
Looking for @ControllerAdvice: WebApplicationContext for namespace 'mvc-servlet': startup date [Tue Oct 25 11:13:27 CST 2016]; parent: Root WebApplicationContext

[INFO] 2016-10-25 11:13:29.045 [org.springframework.web.servlet.mvc.method.annotation.RequestMappingHandlerAdapter.initControllerAdviceCache(RequestMappingHandlerAdapter.java:534)]
Looking for @ControllerAdvice: WebApplicationContext for namespace 'mvc-servlet': startup date [Tue Oct 25 11:13:27 CST 2016]; parent: Root WebApplicationContext

[INFO] 2016-10-25 11:13:29.244 [org.springframework.web.servlet.FrameworkServlet.initServletBean(FrameworkServlet.java:508)]
FrameworkServlet 'mvc': initialization completed in 1299 ms

[INFO] 2016-10-25 11:13:45.582 [com.gf.ims.common.interceptor.MyInterceptor.preHandle(MyInterceptor.java:17)]
执行拦截器~~

[INFO] 2016-10-25 11:13:45.597 [org.springframework.context.support.AbstractApplicationContext.prepareRefresh(AbstractApplicationContext.java:581)]
Refreshing org.springframework.context.support.ClassPathXmlApplicationContext@306bea33: startup date [Tue Oct 25 11:13:45 CST 2016]; root of context hierarchy

[INFO] 2016-10-25 11:13:45.597 [org.springframework.beans.factory.xml.XmlBeanDefinitionReader.loadBeanDefinitions(XmlBeanDefinitionReader.java:317)]
Loading XML bean definitions from class path resource [com/gf/ims/resources/applicationContext-dao.xml]

[INFO] 2016-10-25 11:13:45.680 [org.springframework.core.io.support.PropertiesLoaderSupport.loadProperties(PropertiesLoaderSupport.java:172)]
Loading properties file from class path resource [com/gf/ims/resources/global.properties]

[INFO] 2016-10-25 11:13:45.907 [common.DB.ConnConf.<init>(ConnConf.java:47)]
JDBC初始化配置完毕

[INFO] 2016-10-25 11:13:45.990 [com.mchange.v2.c3p0.impl.AbstractPoolBackedDataSource.getPoolManager(AbstractPoolBackedDataSource.java:462)]
Initializing c3p0 pool... com.mchange.v2.c3p0.ComboPooledDataSource [ acquireIncrement -> 5, acquireRetryAttempts -> 30, acquireRetryDelay -> 1000, autoCommitOnClose -> false, automaticTestTable -> null, breakAfterAcquireFailure -> false, checkoutTimeout -> 0, connectionCustomizerClassName -> null, connectionTesterClassName -> com.mchange.v2.c3p0.impl.DefaultConnectionTester, dataSourceName -> 1hge12l9j1xbgro1ql8fk9|333f1bb3, debugUnreturnedConnectionStackTraces -> false, description -> null, driverClass -> com.mysql.jdbc.Driver, factoryClassLocation -> null, forceIgnoreUnresolvedTransactions -> false, identityToken -> 1hge12l9j1xbgro1ql8fk9|333f1bb3, idleConnectionTestPeriod -> 18000, initialPoolSize -> 10, jdbcUrl -> jdbc:mysql://127.0.0.1:3306/ims_yun?createDatabaseIfNotExist=true&amp;useUnicode=true&amp;characterEncoding=utf-8&amp;zeroDateTimeBehavior=convertToNull&amp;autoReconnect=true, lastAcquisitionFailureDefaultUser -> null, maxAdministrativeTaskTime -> 0, maxConnectionAge -> 0, maxIdleTime -> 20, maxIdleTimeExcessConnections -> 0, maxPoolSize -> 25, maxStatements -> 0, maxStatementsPerConnection -> 0, minPoolSize -> 10, numHelperThreads -> 3, numThreadsAwaitingCheckoutDefaultUser -> 0, preferredTestQuery -> SELECT id FROM menu where id='1', properties -> {user=******, password=******}, propertyCycle -> 0, testConnectionOnCheckin -> true, testConnectionOnCheckout -> false, unreturnedConnectionTimeout -> 0, usesTraditionalReflectiveProxies -> false ]

[INFO] 2016-10-25 11:13:46.869 [common.DB.JDBC.query(JDBC.java:944)]
@jdbc:mysql://127.0.0.1:3306/ims_yun?createDatabaseIfNotExist=true&amp;useUnicode=true&amp;characterEncoding=utf-8&amp;zeroDateTimeBehavior=convertToNull&amp;autoReconnect=true JDBC EXECUTE SQL:select * from t_emp where 1=1  花费6ms 

[INFO] 2016-10-25 11:14:29.549 [com.gf.ims.servlet.SaveOrderServlet.exractRspInvoke(SaveOrderServlet.java:79)]
reqStr:

[INFO] 2016-10-25 11:15:02.912 [com.gf.ims.servlet.SaveOrderServlet.exractRspInvoke(SaveOrderServlet.java:79)]
reqStr:

[INFO] 2016-10-25 11:15:48.172 [com.gf.ims.servlet.SaveOrderServlet.exractRspInvoke(SaveOrderServlet.java:79)]
reqStr:

[INFO] 2016-10-25 11:15:59.206 [com.gf.ims.servlet.SaveOrderServlet.exractRspInvoke(SaveOrderServlet.java:79)]
reqStr:

[INFO] 2016-10-25 11:16:46.782 [com.gf.ims.servlet.SaveOrderServlet.exractRspInvoke(SaveOrderServlet.java:79)]
reqStr:{"body":{},"header":{"token":"aaa","time_stamp":11111}}

[INFO] 2016-10-25 11:16:46.879 [common.DB.JDBC.update(JDBC.java:1143)]
@jdbc:mysql://127.0.0.1:3306/ims_yun?createDatabaseIfNotExist=true&amp;useUnicode=true&amp;characterEncoding=utf-8&amp;zeroDateTimeBehavior=convertToNull&amp;autoReconnect=true JDBC EXECUTE SQL:: insert into orders( id,order_no,user_id,total_price,type,pay_method,pay_status,status,order_info,  out_trade_no,trade_no,buyer_email,create_time,pay_time,finish_time,channel_flag,is_refunded,  pay_name,seller_id,seller_name,remarks,send_message_flag ) values(?,?,?,?,?,?,?,?,?,?,?,?,?,?,?,?,?,?,?,?,?,?) ,Parameters:('192a5a2a15af4118902caece0eec6415','201610251116467956653','201610251116467956653',0.01,1,null,0,0,'测试商品452',null,null,null,'Tue Oct 25 11:16:46 CST 2016',null,null,null,null,null,'883eec7dd7d74edb905caa27ec3d8e1e','无名店铺','哈哈哈，尽快送货哦',null) 花费63ms 

[INFO] 2016-10-25 11:17:58.152 [com.gf.ims.servlet.SaveOrderServlet.exractRspInvoke(SaveOrderServlet.java:79)]
reqStr:{"body":{},"header":{"token":"aaa","time_stamp":11111}}

[INFO] 2016-10-25 11:17:58.218 [common.DB.JDBC.update(JDBC.java:1143)]
@jdbc:mysql://127.0.0.1:3306/ims_yun?createDatabaseIfNotExist=true&amp;useUnicode=true&amp;characterEncoding=utf-8&amp;zeroDateTimeBehavior=convertToNull&amp;autoReconnect=true JDBC EXECUTE SQL:: insert into orders( id,order_no,user_id,total_price,type,pay_method,pay_status,status,order_info,  out_trade_no,trade_no,buyer_email,create_time,pay_time,finish_time,channel_flag,is_refunded,  pay_name,seller_id,seller_name,remarks,send_message_flag ) values(?,?,?,?,?,?,?,?,?,?,?,?,?,?,?,?,?,?,?,?,?,?) ,Parameters:('983644d9b46b42db9a330272f6e10001','201610251117581532985','201610251117581532985',0.01,1,null,0,0,'测试商品662',null,null,null,'Tue Oct 25 11:17:58 CST 2016',null,null,null,null,null,'db8a57c64f0744688f9899dd9e28e60b','无名店铺','哈哈哈，尽快送货哦',null) 花费63ms 

[INFO] 2016-10-25 11:50:38.467 [com.gf.ims.common.listener.GlobalListener.contextInitialized(GlobalListener.java:24)]
-----------------容器开始初始化-----------------

[INFO] 2016-10-25 11:50:38.470 [com.gf.ims.common.listener.GlobalListener.contextInitialized(GlobalListener.java:31)]
获取spring的容器成功！

[INFO] 2016-10-25 11:50:38.471 [com.gf.ims.common.listener.GlobalListener.contextInitialized(GlobalListener.java:34)]
*****************容器完成初始化*****************

[INFO] 2016-10-25 11:50:38.551 [org.springframework.web.servlet.FrameworkServlet.initServletBean(FrameworkServlet.java:489)]
FrameworkServlet 'mvc': initialization started

[INFO] 2016-10-25 11:50:38.554 [org.springframework.context.support.AbstractApplicationContext.prepareRefresh(AbstractApplicationContext.java:581)]
Refreshing WebApplicationContext for namespace 'mvc-servlet': startup date [Tue Oct 25 11:50:38 CST 2016]; parent: Root WebApplicationContext

[INFO] 2016-10-25 11:50:38.555 [org.springframework.beans.factory.xml.XmlBeanDefinitionReader.loadBeanDefinitions(XmlBeanDefinitionReader.java:317)]
Loading XML bean definitions from class path resource [com/gf/ims/resources/spring-mvc.xml]

[INFO] 2016-10-25 11:50:39.201 [org.springframework.web.servlet.handler.AbstractHandlerMethodMapping$MappingRegistry.register(AbstractHandlerMethodMapping.java:543)]
Mapped "{[/pay/external/getWxPrepayidRequest]}" onto public java.lang.String com.gf.ims.pay.controller.PayCenterController.getWxPrepayidRequest(int,java.lang.String,java.lang.String,double,java.lang.String,java.lang.String,java.lang.String,java.lang.String,java.lang.String,java.lang.Integer,java.lang.String,java.lang.String,javax.servlet.http.HttpServletRequest,javax.servlet.http.HttpServletResponse) throws java.io.IOException

[INFO] 2016-10-25 11:50:39.203 [org.springframework.web.servlet.handler.AbstractHandlerMethodMapping$MappingRegistry.register(AbstractHandlerMethodMapping.java:543)]
Mapped "{[/pay/external/getWxPayOrderStatus]}" onto public java.lang.String com.gf.ims.pay.controller.PayCenterController.getWxPayOrderStatus(int,java.lang.String,java.lang.String,java.lang.String,java.lang.String,java.lang.Integer,java.lang.String,javax.servlet.http.HttpServletRequest,javax.servlet.http.HttpServletResponse) throws java.io.IOException

[INFO] 2016-10-25 11:50:39.205 [org.springframework.web.servlet.handler.AbstractHandlerMethodMapping$MappingRegistry.register(AbstractHandlerMethodMapping.java:543)]
Mapped "{[/base/goURL/{folder1}/{folder2}/{file}]}" onto public java.lang.String com.gf.ims.web.acion.BaseAction.goURL(java.lang.String,java.lang.String,java.lang.String)

[INFO] 2016-10-25 11:50:39.206 [org.springframework.web.servlet.handler.AbstractHandlerMethodMapping$MappingRegistry.register(AbstractHandlerMethodMapping.java:543)]
Mapped "{[/test/test]}" onto public java.lang.Object com.gf.ims.web.acion.TestAction.Test()

[INFO] 2016-10-25 11:50:39.320 [org.springframework.web.servlet.mvc.method.annotation.RequestMappingHandlerAdapter.initControllerAdviceCache(RequestMappingHandlerAdapter.java:534)]
Looking for @ControllerAdvice: WebApplicationContext for namespace 'mvc-servlet': startup date [Tue Oct 25 11:50:38 CST 2016]; parent: Root WebApplicationContext

[INFO] 2016-10-25 11:50:39.387 [org.springframework.web.servlet.mvc.method.annotation.RequestMappingHandlerAdapter.initControllerAdviceCache(RequestMappingHandlerAdapter.java:534)]
Looking for @ControllerAdvice: WebApplicationContext for namespace 'mvc-servlet': startup date [Tue Oct 25 11:50:38 CST 2016]; parent: Root WebApplicationContext

[INFO] 2016-10-25 11:50:39.595 [org.springframework.web.servlet.FrameworkServlet.initServletBean(FrameworkServlet.java:508)]
FrameworkServlet 'mvc': initialization completed in 1044 ms

