[INFO] 2016-10-18 14:04:07.771 [com.gf.ims.common.listener.GlobalListener.contextInitialized(GlobalListener.java:24)]
-----------------容器开始初始化-----------------

[INFO] 2016-10-18 14:04:07.774 [com.gf.ims.common.listener.GlobalListener.contextInitialized(GlobalListener.java:31)]
获取spring的容器成功！

[INFO] 2016-10-18 14:04:07.775 [com.gf.ims.common.listener.GlobalListener.contextInitialized(GlobalListener.java:34)]
*****************容器完成初始化*****************

[INFO] 2016-10-18 14:04:07.912 [org.springframework.web.servlet.FrameworkServlet.initServletBean(FrameworkServlet.java:489)]
FrameworkServlet 'mvc': initialization started

[INFO] 2016-10-18 14:04:07.915 [org.springframework.context.support.AbstractApplicationContext.prepareRefresh(AbstractApplicationContext.java:581)]
Refreshing WebApplicationContext for namespace 'mvc-servlet': startup date [Tue Oct 18 14:04:07 CST 2016]; parent: Root WebApplicationContext

[INFO] 2016-10-18 14:04:07.916 [org.springframework.beans.factory.xml.XmlBeanDefinitionReader.loadBeanDefinitions(XmlBeanDefinitionReader.java:317)]
Loading XML bean definitions from class path resource [com/gf/ims/resources/spring-mvc.xml]

[WARN] 2016-10-18 14:04:08.117 [org.springframework.context.support.AbstractApplicationContext.refresh(AbstractApplicationContext.java:549)]
Exception encountered during context initialization - cancelling refresh attempt: org.springframework.beans.factory.BeanCreationException: Error creating bean with name 'org.springframework.web.servlet.mvc.annotation.AnnotationMethodHandlerAdapter#0' defined in class path resource [com/gf/ims/resources/spring-mvc.xml]: Initialization of bean failed; nested exception is java.lang.NoClassDefFoundError: com/fasterxml/jackson/core/JsonProcessingException

[ERROR] 2016-10-18 14:04:08.119 [org.springframework.web.servlet.FrameworkServlet.initServletBean(FrameworkServlet.java:502)]
Context initialization failed

org.springframework.beans.factory.BeanCreationException: Error creating bean with name 'org.springframework.web.servlet.mvc.annotation.AnnotationMethodHandlerAdapter#0' defined in class path resource [com/gf/ims/resources/spring-mvc.xml]: Initialization of bean failed; nested exception is java.lang.NoClassDefFoundError: com/fasterxml/jackson/core/JsonProcessingException
	at org.springframework.beans.factory.support.AbstractAutowireCapableBeanFactory.doCreateBean(AbstractAutowireCapableBeanFactory.java:553)
	at org.springframework.beans.factory.support.AbstractAutowireCapableBeanFactory.createBean(AbstractAutowireCapableBeanFactory.java:482)
	at org.springframework.beans.factory.support.AbstractBeanFactory$1.getObject(AbstractBeanFactory.java:306)
	at org.springframework.beans.factory.support.DefaultSingletonBeanRegistry.getSingleton(DefaultSingletonBeanRegistry.java:230)
	at org.springframework.beans.factory.support.AbstractBeanFactory.doGetBean(AbstractBeanFactory.java:302)
	at org.springframework.beans.factory.support.AbstractBeanFactory.getBean(AbstractBeanFactory.java:197)
	at org.springframework.beans.factory.support.DefaultListableBeanFactory.preInstantiateSingletons(DefaultListableBeanFactory.java:776)
	at org.springframework.context.support.AbstractApplicationContext.finishBeanFactoryInitialization(AbstractApplicationContext.java:861)
	at org.springframework.context.support.AbstractApplicationContext.refresh(AbstractApplicationContext.java:541)
	at org.springframework.web.servlet.FrameworkServlet.configureAndRefreshWebApplicationContext(FrameworkServlet.java:668)
	at org.springframework.web.servlet.FrameworkServlet.createWebApplicationContext(FrameworkServlet.java:634)
	at org.springframework.web.servlet.FrameworkServlet.createWebApplicationContext(FrameworkServlet.java:682)
	at org.springframework.web.servlet.FrameworkServlet.initWebApplicationContext(FrameworkServlet.java:553)
	at org.springframework.web.servlet.FrameworkServlet.initServletBean(FrameworkServlet.java:494)
	at org.springframework.web.servlet.HttpServletBean.init(HttpServletBean.java:136)
	at javax.servlet.GenericServlet.init(GenericServlet.java:158)
	at org.apache.catalina.core.StandardWrapper.initServlet(StandardWrapper.java:1227)
	at org.apache.catalina.core.StandardWrapper.loadServlet(StandardWrapper.java:1140)
	at org.apache.catalina.core.StandardWrapper.load(StandardWrapper.java:1027)
	at org.apache.catalina.core.StandardContext.loadOnStartup(StandardContext.java:5038)
	at org.apache.catalina.core.StandardContext.startInternal(StandardContext.java:5348)
	at org.apache.catalina.util.LifecycleBase.start(LifecycleBase.java:145)
	at org.apache.catalina.core.ContainerBase$StartChild.call(ContainerBase.java:1407)
	at org.apache.catalina.core.ContainerBase$StartChild.call(ContainerBase.java:1397)
	at java.util.concurrent.FutureTask.run(FutureTask.java:266)
	at java.util.concurrent.ThreadPoolExecutor.runWorker(ThreadPoolExecutor.java:1142)
	at java.util.concurrent.ThreadPoolExecutor$Worker.run(ThreadPoolExecutor.java:617)
	at java.lang.Thread.run(Thread.java:745)
Caused by: java.lang.NoClassDefFoundError: com/fasterxml/jackson/core/JsonProcessingException
	at java.lang.Class.getDeclaredMethods0(Native Method)
	at java.lang.Class.privateGetDeclaredMethods(Class.java:2701)
	at java.lang.Class.getDeclaredMethods(Class.java:1975)
	at org.springframework.util.ReflectionUtils.getDeclaredMethods(ReflectionUtils.java:612)
	at org.springframework.util.ReflectionUtils.doWithMethods(ReflectionUtils.java:524)
	at org.springframework.util.ReflectionUtils.doWithMethods(ReflectionUtils.java:510)
	at org.springframework.beans.factory.annotation.AutowiredAnnotationBeanPostProcessor.determineCandidateConstructors(AutowiredAnnotationBeanPostProcessor.java:243)
	at org.springframework.beans.factory.support.AbstractAutowireCapableBeanFactory.determineConstructorsFromBeanPostProcessors(AbstractAutowireCapableBeanFactory.java:1069)
	at org.springframework.beans.factory.support.AbstractAutowireCapableBeanFactory.createBeanInstance(AbstractAutowireCapableBeanFactory.java:1042)
	at org.springframework.beans.factory.support.AbstractAutowireCapableBeanFactory.doCreateBean(AbstractAutowireCapableBeanFactory.java:510)
	at org.springframework.beans.factory.support.AbstractAutowireCapableBeanFactory.createBean(AbstractAutowireCapableBeanFactory.java:482)
	at org.springframework.beans.factory.support.AbstractBeanFactory$1.getObject(AbstractBeanFactory.java:306)
	at org.springframework.beans.factory.support.DefaultSingletonBeanRegistry.getSingleton(DefaultSingletonBeanRegistry.java:230)
	at org.springframework.beans.factory.support.AbstractBeanFactory.doGetBean(AbstractBeanFactory.java:302)
	at org.springframework.beans.factory.support.AbstractBeanFactory.getBean(AbstractBeanFactory.java:197)
	at org.springframework.beans.factory.support.BeanDefinitionValueResolver.resolveReference(BeanDefinitionValueResolver.java:351)
	at org.springframework.beans.factory.support.BeanDefinitionValueResolver.resolveValueIfNecessary(BeanDefinitionValueResolver.java:108)
	at org.springframework.beans.factory.support.BeanDefinitionValueResolver.resolveManagedList(BeanDefinitionValueResolver.java:382)
	at org.springframework.beans.factory.support.BeanDefinitionValueResolver.resolveValueIfNecessary(BeanDefinitionValueResolver.java:157)
	at org.springframework.beans.factory.support.AbstractAutowireCapableBeanFactory.applyPropertyValues(AbstractAutowireCapableBeanFactory.java:1481)
	at org.springframework.beans.factory.support.AbstractAutowireCapableBeanFactory.populateBean(AbstractAutowireCapableBeanFactory.java:1226)
	at org.springframework.beans.factory.support.AbstractAutowireCapableBeanFactory.doCreateBean(AbstractAutowireCapableBeanFactory.java:543)
	... 27 more
Caused by: java.lang.ClassNotFoundException: com.fasterxml.jackson.core.JsonProcessingException
	at org.apache.catalina.loader.WebappClassLoaderBase.loadClass(WebappClassLoaderBase.java:1333)
	at org.apache.catalina.loader.WebappClassLoaderBase.loadClass(WebappClassLoaderBase.java:1167)
	... 49 more
[INFO] 2016-10-18 14:10:12.869 [com.gf.ims.common.listener.GlobalListener.contextInitialized(GlobalListener.java:24)]
-----------------容器开始初始化-----------------

[INFO] 2016-10-18 14:10:12.873 [com.gf.ims.common.listener.GlobalListener.contextInitialized(GlobalListener.java:31)]
获取spring的容器成功！

[INFO] 2016-10-18 14:10:12.876 [com.gf.ims.common.listener.GlobalListener.contextInitialized(GlobalListener.java:34)]
*****************容器完成初始化*****************

[INFO] 2016-10-18 14:10:12.953 [org.springframework.web.servlet.FrameworkServlet.initServletBean(FrameworkServlet.java:489)]
FrameworkServlet 'mvc': initialization started

[INFO] 2016-10-18 14:10:12.956 [org.springframework.context.support.AbstractApplicationContext.prepareRefresh(AbstractApplicationContext.java:581)]
Refreshing WebApplicationContext for namespace 'mvc-servlet': startup date [Tue Oct 18 14:10:12 CST 2016]; parent: Root WebApplicationContext

[INFO] 2016-10-18 14:10:12.957 [org.springframework.beans.factory.xml.XmlBeanDefinitionReader.loadBeanDefinitions(XmlBeanDefinitionReader.java:317)]
Loading XML bean definitions from class path resource [com/gf/ims/resources/spring-mvc.xml]

[INFO] 2016-10-18 14:10:13.505 [org.springframework.web.servlet.handler.AbstractHandlerMethodMapping$MappingRegistry.register(AbstractHandlerMethodMapping.java:543)]
Mapped "{[/base/goURL/{folder1}/{folder2}/{file}]}" onto public java.lang.String com.gf.ims.web.acion.BaseAction.goURL(java.lang.String,java.lang.String,java.lang.String)

[INFO] 2016-10-18 14:10:13.507 [org.springframework.web.servlet.handler.AbstractHandlerMethodMapping$MappingRegistry.register(AbstractHandlerMethodMapping.java:543)]
Mapped "{[/test/test]}" onto public java.lang.Object com.gf.ims.web.acion.TestAction.Test()

[INFO] 2016-10-18 14:10:13.630 [org.springframework.web.servlet.mvc.method.annotation.RequestMappingHandlerAdapter.initControllerAdviceCache(RequestMappingHandlerAdapter.java:534)]
Looking for @ControllerAdvice: WebApplicationContext for namespace 'mvc-servlet': startup date [Tue Oct 18 14:10:12 CST 2016]; parent: Root WebApplicationContext

[INFO] 2016-10-18 14:10:13.716 [org.springframework.web.servlet.mvc.method.annotation.RequestMappingHandlerAdapter.initControllerAdviceCache(RequestMappingHandlerAdapter.java:534)]
Looking for @ControllerAdvice: WebApplicationContext for namespace 'mvc-servlet': startup date [Tue Oct 18 14:10:12 CST 2016]; parent: Root WebApplicationContext

[INFO] 2016-10-18 14:10:13.920 [org.springframework.web.servlet.FrameworkServlet.initServletBean(FrameworkServlet.java:508)]
FrameworkServlet 'mvc': initialization completed in 966 ms

[INFO] 2016-10-18 14:10:32.413 [common.DB.ConnConf.<init>(ConnConf.java:47)]
JDBC初始化配置完毕

[INFO] 2016-10-18 14:10:32.487 [com.mchange.v2.c3p0.impl.AbstractPoolBackedDataSource.getPoolManager(AbstractPoolBackedDataSource.java:462)]
Initializing c3p0 pool... com.mchange.v2.c3p0.ComboPooledDataSource [ acquireIncrement -> 5, acquireRetryAttempts -> 30, acquireRetryDelay -> 1000, autoCommitOnClose -> false, automaticTestTable -> null, breakAfterAcquireFailure -> false, checkoutTimeout -> 0, connectionCustomizerClassName -> null, connectionTesterClassName -> com.mchange.v2.c3p0.impl.DefaultConnectionTester, dataSourceName -> 1hge12l9j1nhp4a9k5ny99|6d8ea887, debugUnreturnedConnectionStackTraces -> false, description -> null, driverClass -> com.mysql.jdbc.Driver, factoryClassLocation -> null, forceIgnoreUnresolvedTransactions -> false, identityToken -> 1hge12l9j1nhp4a9k5ny99|6d8ea887, idleConnectionTestPeriod -> 18000, initialPoolSize -> 10, jdbcUrl -> jdbc:mysql://127.0.0.1:3306/ims_yun?createDatabaseIfNotExist=true&amp;useUnicode=true&amp;characterEncoding=utf-8&amp;zeroDateTimeBehavior=convertToNull&amp;autoReconnect=true, lastAcquisitionFailureDefaultUser -> null, maxAdministrativeTaskTime -> 0, maxConnectionAge -> 0, maxIdleTime -> 20, maxIdleTimeExcessConnections -> 0, maxPoolSize -> 25, maxStatements -> 0, maxStatementsPerConnection -> 0, minPoolSize -> 10, numHelperThreads -> 3, numThreadsAwaitingCheckoutDefaultUser -> 0, preferredTestQuery -> SELECT id FROM menu where id='1', properties -> {user=******, password=******}, propertyCycle -> 0, testConnectionOnCheckin -> true, testConnectionOnCheckout -> false, unreturnedConnectionTimeout -> 0, usesTraditionalReflectiveProxies -> false ]

[INFO] 2016-10-18 14:10:32.834 [common.DB.JDBC.query(JDBC.java:944)]
@jdbc:mysql://127.0.0.1:3306/ims_yun?createDatabaseIfNotExist=true&amp;useUnicode=true&amp;characterEncoding=utf-8&amp;zeroDateTimeBehavior=convertToNull&amp;autoReconnect=true JDBC EXECUTE SQL:select * from t_emp where 1=1  花费75ms 

[INFO] 2016-10-18 14:27:57.875 [common.DB.ConnConf.<init>(ConnConf.java:47)]
JDBC初始化配置完毕

[INFO] 2016-10-18 14:27:57.883 [common.DB.JDBC.query(JDBC.java:944)]
@jdbc:mysql://127.0.0.1:3306/ims_yun?createDatabaseIfNotExist=true&amp;useUnicode=true&amp;characterEncoding=utf-8&amp;zeroDateTimeBehavior=convertToNull&amp;autoReconnect=true JDBC EXECUTE SQL:select * from t_emp where 1=1  花费1ms 

[INFO] 2016-10-18 14:43:06.235 [org.springframework.context.support.AbstractApplicationContext.doClose(AbstractApplicationContext.java:982)]
Closing WebApplicationContext for namespace 'mvc-servlet': startup date [Tue Oct 18 14:10:12 CST 2016]; parent: Root WebApplicationContext

[WARN] 2016-10-18 14:43:06.237 [com.gf.ims.common.listener.GlobalListener.contextDestroyed(GlobalListener.java:19)]
-----------------容器开始销毁-----------------

[WARN] 2016-10-18 14:43:06.237 [com.gf.ims.common.listener.GlobalListener.contextDestroyed(GlobalListener.java:20)]
*****************容器完成销毁*****************

[INFO] 2016-10-18 14:43:36.519 [com.gf.ims.common.listener.GlobalListener.contextInitialized(GlobalListener.java:24)]
-----------------容器开始初始化-----------------

[INFO] 2016-10-18 14:43:36.523 [com.gf.ims.common.listener.GlobalListener.contextInitialized(GlobalListener.java:31)]
获取spring的容器成功！

[INFO] 2016-10-18 14:43:36.525 [com.gf.ims.common.listener.GlobalListener.contextInitialized(GlobalListener.java:34)]
*****************容器完成初始化*****************

[INFO] 2016-10-18 14:43:36.601 [org.springframework.web.servlet.FrameworkServlet.initServletBean(FrameworkServlet.java:489)]
FrameworkServlet 'mvc': initialization started

[INFO] 2016-10-18 14:43:36.604 [org.springframework.context.support.AbstractApplicationContext.prepareRefresh(AbstractApplicationContext.java:581)]
Refreshing WebApplicationContext for namespace 'mvc-servlet': startup date [Tue Oct 18 14:43:36 CST 2016]; parent: Root WebApplicationContext

[INFO] 2016-10-18 14:43:36.609 [org.springframework.beans.factory.xml.XmlBeanDefinitionReader.loadBeanDefinitions(XmlBeanDefinitionReader.java:317)]
Loading XML bean definitions from class path resource [com/gf/ims/resources/spring-mvc.xml]

[INFO] 2016-10-18 14:43:37.210 [org.springframework.web.servlet.handler.AbstractHandlerMethodMapping$MappingRegistry.register(AbstractHandlerMethodMapping.java:543)]
Mapped "{[/base/goURL/{folder1}/{folder2}/{file}]}" onto public java.lang.String com.gf.ims.web.acion.BaseAction.goURL(java.lang.String,java.lang.String,java.lang.String)

[INFO] 2016-10-18 14:43:37.213 [org.springframework.web.servlet.handler.AbstractHandlerMethodMapping$MappingRegistry.register(AbstractHandlerMethodMapping.java:543)]
Mapped "{[/test/test]}" onto public java.lang.Object com.gf.ims.web.acion.TestAction.Test()

[INFO] 2016-10-18 14:43:37.370 [org.springframework.web.servlet.mvc.method.annotation.RequestMappingHandlerAdapter.initControllerAdviceCache(RequestMappingHandlerAdapter.java:534)]
Looking for @ControllerAdvice: WebApplicationContext for namespace 'mvc-servlet': startup date [Tue Oct 18 14:43:36 CST 2016]; parent: Root WebApplicationContext

[INFO] 2016-10-18 14:43:37.557 [org.springframework.web.servlet.mvc.method.annotation.RequestMappingHandlerAdapter.initControllerAdviceCache(RequestMappingHandlerAdapter.java:534)]
Looking for @ControllerAdvice: WebApplicationContext for namespace 'mvc-servlet': startup date [Tue Oct 18 14:43:36 CST 2016]; parent: Root WebApplicationContext

[INFO] 2016-10-18 14:43:37.803 [org.springframework.web.servlet.FrameworkServlet.initServletBean(FrameworkServlet.java:508)]
FrameworkServlet 'mvc': initialization completed in 1201 ms

[INFO] 2016-10-18 14:43:45.534 [common.DB.ConnConf.<init>(ConnConf.java:47)]
JDBC初始化配置完毕

[INFO] 2016-10-18 14:43:45.612 [com.mchange.v2.c3p0.impl.AbstractPoolBackedDataSource.getPoolManager(AbstractPoolBackedDataSource.java:462)]
Initializing c3p0 pool... com.mchange.v2.c3p0.ComboPooledDataSource [ acquireIncrement -> 5, acquireRetryAttempts -> 30, acquireRetryDelay -> 1000, autoCommitOnClose -> false, automaticTestTable -> null, breakAfterAcquireFailure -> false, checkoutTimeout -> 0, connectionCustomizerClassName -> null, connectionTesterClassName -> com.mchange.v2.c3p0.impl.DefaultConnectionTester, dataSourceName -> 1hge12l9j1niw2aomz0ivb|5c7fa24f, debugUnreturnedConnectionStackTraces -> false, description -> null, driverClass -> com.mysql.jdbc.Driver, factoryClassLocation -> null, forceIgnoreUnresolvedTransactions -> false, identityToken -> 1hge12l9j1niw2aomz0ivb|5c7fa24f, idleConnectionTestPeriod -> 18000, initialPoolSize -> 10, jdbcUrl -> jdbc:mysql://127.0.0.1:3306/ims_yun?createDatabaseIfNotExist=true&amp;useUnicode=true&amp;characterEncoding=utf-8&amp;zeroDateTimeBehavior=convertToNull&amp;autoReconnect=true, lastAcquisitionFailureDefaultUser -> null, maxAdministrativeTaskTime -> 0, maxConnectionAge -> 0, maxIdleTime -> 20, maxIdleTimeExcessConnections -> 0, maxPoolSize -> 25, maxStatements -> 0, maxStatementsPerConnection -> 0, minPoolSize -> 10, numHelperThreads -> 3, numThreadsAwaitingCheckoutDefaultUser -> 0, preferredTestQuery -> SELECT id FROM menu where id='1', properties -> {user=******, password=******}, propertyCycle -> 0, testConnectionOnCheckin -> true, testConnectionOnCheckout -> false, unreturnedConnectionTimeout -> 0, usesTraditionalReflectiveProxies -> false ]

[INFO] 2016-10-18 14:43:45.883 [common.DB.JDBC.query(JDBC.java:944)]
@jdbc:mysql://127.0.0.1:3306/ims_yun?createDatabaseIfNotExist=true&amp;useUnicode=true&amp;characterEncoding=utf-8&amp;zeroDateTimeBehavior=convertToNull&amp;autoReconnect=true JDBC EXECUTE SQL:select * from t_emp where 1=1  花费10ms 

[INFO] 2016-10-18 14:45:00.288 [common.DB.ConnConf.<init>(ConnConf.java:47)]
JDBC初始化配置完毕

[INFO] 2016-10-18 14:45:00.309 [common.DB.JDBC.query(JDBC.java:944)]
@jdbc:mysql://127.0.0.1:3306/ims_yun?createDatabaseIfNotExist=true&amp;useUnicode=true&amp;characterEncoding=utf-8&amp;zeroDateTimeBehavior=convertToNull&amp;autoReconnect=true JDBC EXECUTE SQL:select * from t_emp where 1=1  花费1ms 

[INFO] 2016-10-18 14:45:17.795 [common.DB.ConnConf.<init>(ConnConf.java:47)]
JDBC初始化配置完毕

[INFO] 2016-10-18 14:45:17.798 [common.DB.JDBC.query(JDBC.java:944)]
@jdbc:mysql://127.0.0.1:3306/ims_yun?createDatabaseIfNotExist=true&amp;useUnicode=true&amp;characterEncoding=utf-8&amp;zeroDateTimeBehavior=convertToNull&amp;autoReconnect=true JDBC EXECUTE SQL:select * from t_emp where 1=1  花费1ms 

[INFO] 2016-10-18 14:45:19.006 [common.DB.ConnConf.<init>(ConnConf.java:47)]
JDBC初始化配置完毕

[INFO] 2016-10-18 14:45:19.009 [common.DB.JDBC.query(JDBC.java:944)]
@jdbc:mysql://127.0.0.1:3306/ims_yun?createDatabaseIfNotExist=true&amp;useUnicode=true&amp;characterEncoding=utf-8&amp;zeroDateTimeBehavior=convertToNull&amp;autoReconnect=true JDBC EXECUTE SQL:select * from t_emp where 1=1  花费1ms 

[INFO] 2016-10-18 14:45:54.633 [common.DB.ConnConf.<init>(ConnConf.java:47)]
JDBC初始化配置完毕

[INFO] 2016-10-18 14:45:54.636 [common.DB.JDBC.query(JDBC.java:944)]
@jdbc:mysql://127.0.0.1:3306/ims_yun?createDatabaseIfNotExist=true&amp;useUnicode=true&amp;characterEncoding=utf-8&amp;zeroDateTimeBehavior=convertToNull&amp;autoReconnect=true JDBC EXECUTE SQL:select * from t_emp where 1=1  花费1ms 

[INFO] 2016-10-18 14:46:05.105 [common.DB.ConnConf.<init>(ConnConf.java:47)]
JDBC初始化配置完毕

[INFO] 2016-10-18 14:46:05.109 [common.DB.JDBC.query(JDBC.java:944)]
@jdbc:mysql://127.0.0.1:3306/ims_yun?createDatabaseIfNotExist=true&amp;useUnicode=true&amp;characterEncoding=utf-8&amp;zeroDateTimeBehavior=convertToNull&amp;autoReconnect=true JDBC EXECUTE SQL:select * from t_emp where 1=1  花费2ms 

[INFO] 2016-10-18 14:49:18.920 [common.DB.ConnConf.<init>(ConnConf.java:47)]
JDBC初始化配置完毕

[INFO] 2016-10-18 14:49:18.925 [common.DB.JDBC.query(JDBC.java:944)]
@jdbc:mysql://127.0.0.1:3306/ims_yun?createDatabaseIfNotExist=true&amp;useUnicode=true&amp;characterEncoding=utf-8&amp;zeroDateTimeBehavior=convertToNull&amp;autoReconnect=true JDBC EXECUTE SQL:select * from t_emp where 1=1  花费2ms 

[INFO] 2016-10-18 14:49:25.510 [common.DB.ConnConf.<init>(ConnConf.java:47)]
JDBC初始化配置完毕

[INFO] 2016-10-18 14:49:25.513 [common.DB.JDBC.query(JDBC.java:944)]
@jdbc:mysql://127.0.0.1:3306/ims_yun?createDatabaseIfNotExist=true&amp;useUnicode=true&amp;characterEncoding=utf-8&amp;zeroDateTimeBehavior=convertToNull&amp;autoReconnect=true JDBC EXECUTE SQL:select * from t_emp where 1=1  花费1ms 

[INFO] 2016-10-18 14:50:05.820 [com.gf.ims.common.listener.GlobalListener.contextInitialized(GlobalListener.java:24)]
-----------------容器开始初始化-----------------

[INFO] 2016-10-18 14:50:05.823 [com.gf.ims.common.listener.GlobalListener.contextInitialized(GlobalListener.java:31)]
获取spring的容器成功！

[INFO] 2016-10-18 14:50:05.825 [com.gf.ims.common.listener.GlobalListener.contextInitialized(GlobalListener.java:34)]
*****************容器完成初始化*****************

[INFO] 2016-10-18 14:50:05.894 [org.springframework.web.servlet.FrameworkServlet.initServletBean(FrameworkServlet.java:489)]
FrameworkServlet 'mvc': initialization started

[INFO] 2016-10-18 14:50:05.897 [org.springframework.context.support.AbstractApplicationContext.prepareRefresh(AbstractApplicationContext.java:581)]
Refreshing WebApplicationContext for namespace 'mvc-servlet': startup date [Tue Oct 18 14:50:05 CST 2016]; parent: Root WebApplicationContext

[INFO] 2016-10-18 14:50:05.898 [org.springframework.beans.factory.xml.XmlBeanDefinitionReader.loadBeanDefinitions(XmlBeanDefinitionReader.java:317)]
Loading XML bean definitions from class path resource [com/gf/ims/resources/spring-mvc.xml]

[INFO] 2016-10-18 14:50:06.448 [org.springframework.web.servlet.handler.AbstractHandlerMethodMapping$MappingRegistry.register(AbstractHandlerMethodMapping.java:543)]
Mapped "{[/base/goURL/{folder1}/{folder2}/{file}]}" onto public java.lang.String com.gf.ims.web.acion.BaseAction.goURL(java.lang.String,java.lang.String,java.lang.String)

[INFO] 2016-10-18 14:50:06.451 [org.springframework.web.servlet.handler.AbstractHandlerMethodMapping$MappingRegistry.register(AbstractHandlerMethodMapping.java:543)]
Mapped "{[/test/test]}" onto public java.lang.Object com.gf.ims.web.acion.TestAction.Test()

[INFO] 2016-10-18 14:50:06.566 [org.springframework.web.servlet.mvc.method.annotation.RequestMappingHandlerAdapter.initControllerAdviceCache(RequestMappingHandlerAdapter.java:534)]
Looking for @ControllerAdvice: WebApplicationContext for namespace 'mvc-servlet': startup date [Tue Oct 18 14:50:05 CST 2016]; parent: Root WebApplicationContext

[INFO] 2016-10-18 14:50:06.668 [org.springframework.web.servlet.mvc.method.annotation.RequestMappingHandlerAdapter.initControllerAdviceCache(RequestMappingHandlerAdapter.java:534)]
Looking for @ControllerAdvice: WebApplicationContext for namespace 'mvc-servlet': startup date [Tue Oct 18 14:50:05 CST 2016]; parent: Root WebApplicationContext

[INFO] 2016-10-18 14:50:06.871 [org.springframework.web.servlet.FrameworkServlet.initServletBean(FrameworkServlet.java:508)]
FrameworkServlet 'mvc': initialization completed in 976 ms

[INFO] 2016-10-18 14:50:13.614 [common.DB.ConnConf.<init>(ConnConf.java:47)]
JDBC初始化配置完毕

[INFO] 2016-10-18 14:50:13.688 [com.mchange.v2.c3p0.impl.AbstractPoolBackedDataSource.getPoolManager(AbstractPoolBackedDataSource.java:462)]
Initializing c3p0 pool... com.mchange.v2.c3p0.ComboPooledDataSource [ acquireIncrement -> 5, acquireRetryAttempts -> 30, acquireRetryDelay -> 1000, autoCommitOnClose -> false, automaticTestTable -> null, breakAfterAcquireFailure -> false, checkoutTimeout -> 0, connectionCustomizerClassName -> null, connectionTesterClassName -> com.mchange.v2.c3p0.impl.DefaultConnectionTester, dataSourceName -> 1hge12l9j1nj4ep91hr7zkn|6d8bf7d3, debugUnreturnedConnectionStackTraces -> false, description -> null, driverClass -> com.mysql.jdbc.Driver, factoryClassLocation -> null, forceIgnoreUnresolvedTransactions -> false, identityToken -> 1hge12l9j1nj4ep91hr7zkn|6d8bf7d3, idleConnectionTestPeriod -> 18000, initialPoolSize -> 10, jdbcUrl -> jdbc:mysql://127.0.0.1:3306/ims_yun?createDatabaseIfNotExist=true&amp;useUnicode=true&amp;characterEncoding=utf-8&amp;zeroDateTimeBehavior=convertToNull&amp;autoReconnect=true, lastAcquisitionFailureDefaultUser -> null, maxAdministrativeTaskTime -> 0, maxConnectionAge -> 0, maxIdleTime -> 20, maxIdleTimeExcessConnections -> 0, maxPoolSize -> 25, maxStatements -> 0, maxStatementsPerConnection -> 0, minPoolSize -> 10, numHelperThreads -> 3, numThreadsAwaitingCheckoutDefaultUser -> 0, preferredTestQuery -> SELECT id FROM menu where id='1', properties -> {user=******, password=******}, propertyCycle -> 0, testConnectionOnCheckin -> true, testConnectionOnCheckout -> false, unreturnedConnectionTimeout -> 0, usesTraditionalReflectiveProxies -> false ]

[INFO] 2016-10-18 14:50:13.985 [common.DB.JDBC.query(JDBC.java:944)]
@jdbc:mysql://127.0.0.1:3306/ims_yun?createDatabaseIfNotExist=true&amp;useUnicode=true&amp;characterEncoding=utf-8&amp;zeroDateTimeBehavior=convertToNull&amp;autoReconnect=true JDBC EXECUTE SQL:select * from t_emp where 1=1  花费13ms 

[INFO] 2016-10-18 14:50:47.279 [common.DB.ConnConf.<init>(ConnConf.java:47)]
JDBC初始化配置完毕

[INFO] 2016-10-18 14:50:47.283 [common.DB.JDBC.query(JDBC.java:944)]
@jdbc:mysql://127.0.0.1:3306/ims_yun?createDatabaseIfNotExist=true&amp;useUnicode=true&amp;characterEncoding=utf-8&amp;zeroDateTimeBehavior=convertToNull&amp;autoReconnect=true JDBC EXECUTE SQL:select * from t_emp where 1=1  花费2ms 

[INFO] 2016-10-18 14:51:20.577 [com.gf.ims.common.listener.GlobalListener.contextInitialized(GlobalListener.java:24)]
-----------------容器开始初始化-----------------

[INFO] 2016-10-18 14:51:20.581 [com.gf.ims.common.listener.GlobalListener.contextInitialized(GlobalListener.java:31)]
获取spring的容器成功！

[INFO] 2016-10-18 14:51:20.582 [com.gf.ims.common.listener.GlobalListener.contextInitialized(GlobalListener.java:34)]
*****************容器完成初始化*****************

[INFO] 2016-10-18 14:51:20.654 [org.springframework.web.servlet.FrameworkServlet.initServletBean(FrameworkServlet.java:489)]
FrameworkServlet 'mvc': initialization started

[INFO] 2016-10-18 14:51:20.658 [org.springframework.context.support.AbstractApplicationContext.prepareRefresh(AbstractApplicationContext.java:581)]
Refreshing WebApplicationContext for namespace 'mvc-servlet': startup date [Tue Oct 18 14:51:20 CST 2016]; parent: Root WebApplicationContext

[INFO] 2016-10-18 14:51:20.660 [org.springframework.beans.factory.xml.XmlBeanDefinitionReader.loadBeanDefinitions(XmlBeanDefinitionReader.java:317)]
Loading XML bean definitions from class path resource [com/gf/ims/resources/spring-mvc.xml]

[INFO] 2016-10-18 14:51:21.249 [org.springframework.web.servlet.handler.AbstractHandlerMethodMapping$MappingRegistry.register(AbstractHandlerMethodMapping.java:543)]
Mapped "{[/base/goURL/{folder1}/{folder2}/{file}]}" onto public java.lang.String com.gf.ims.web.acion.BaseAction.goURL(java.lang.String,java.lang.String,java.lang.String)

[INFO] 2016-10-18 14:51:21.252 [org.springframework.web.servlet.handler.AbstractHandlerMethodMapping$MappingRegistry.register(AbstractHandlerMethodMapping.java:543)]
Mapped "{[/test/test]}" onto public java.lang.Object com.gf.ims.web.acion.TestAction.Test()

[INFO] 2016-10-18 14:51:21.377 [org.springframework.web.servlet.mvc.method.annotation.RequestMappingHandlerAdapter.initControllerAdviceCache(RequestMappingHandlerAdapter.java:534)]
Looking for @ControllerAdvice: WebApplicationContext for namespace 'mvc-servlet': startup date [Tue Oct 18 14:51:20 CST 2016]; parent: Root WebApplicationContext

[INFO] 2016-10-18 14:51:21.477 [org.springframework.web.servlet.mvc.method.annotation.RequestMappingHandlerAdapter.initControllerAdviceCache(RequestMappingHandlerAdapter.java:534)]
Looking for @ControllerAdvice: WebApplicationContext for namespace 'mvc-servlet': startup date [Tue Oct 18 14:51:20 CST 2016]; parent: Root WebApplicationContext

[INFO] 2016-10-18 14:51:21.674 [org.springframework.web.servlet.FrameworkServlet.initServletBean(FrameworkServlet.java:508)]
FrameworkServlet 'mvc': initialization completed in 1020 ms

[INFO] 2016-10-18 14:51:26.181 [common.DB.ConnConf.<init>(ConnConf.java:47)]
JDBC初始化配置完毕

[INFO] 2016-10-18 14:51:26.270 [com.mchange.v2.c3p0.impl.AbstractPoolBackedDataSource.getPoolManager(AbstractPoolBackedDataSource.java:462)]
Initializing c3p0 pool... com.mchange.v2.c3p0.ComboPooledDataSource [ acquireIncrement -> 5, acquireRetryAttempts -> 30, acquireRetryDelay -> 1000, autoCommitOnClose -> false, automaticTestTable -> null, breakAfterAcquireFailure -> false, checkoutTimeout -> 0, connectionCustomizerClassName -> null, connectionTesterClassName -> com.mchange.v2.c3p0.impl.DefaultConnectionTester, dataSourceName -> 1hge12l9j1nj60dxo82647|71e4556, debugUnreturnedConnectionStackTraces -> false, description -> null, driverClass -> com.mysql.jdbc.Driver, factoryClassLocation -> null, forceIgnoreUnresolvedTransactions -> false, identityToken -> 1hge12l9j1nj60dxo82647|71e4556, idleConnectionTestPeriod -> 18000, initialPoolSize -> 10, jdbcUrl -> jdbc:mysql://127.0.0.1:3306/ims_yun?createDatabaseIfNotExist=true&amp;useUnicode=true&amp;characterEncoding=utf-8&amp;zeroDateTimeBehavior=convertToNull&amp;autoReconnect=true, lastAcquisitionFailureDefaultUser -> null, maxAdministrativeTaskTime -> 0, maxConnectionAge -> 0, maxIdleTime -> 20, maxIdleTimeExcessConnections -> 0, maxPoolSize -> 25, maxStatements -> 0, maxStatementsPerConnection -> 0, minPoolSize -> 10, numHelperThreads -> 3, numThreadsAwaitingCheckoutDefaultUser -> 0, preferredTestQuery -> SELECT id FROM menu where id='1', properties -> {user=******, password=******}, propertyCycle -> 0, testConnectionOnCheckin -> true, testConnectionOnCheckout -> false, unreturnedConnectionTimeout -> 0, usesTraditionalReflectiveProxies -> false ]

[INFO] 2016-10-18 14:51:26.586 [common.DB.JDBC.query(JDBC.java:944)]
@jdbc:mysql://127.0.0.1:3306/ims_yun?createDatabaseIfNotExist=true&amp;useUnicode=true&amp;characterEncoding=utf-8&amp;zeroDateTimeBehavior=convertToNull&amp;autoReconnect=true JDBC EXECUTE SQL:select * from t_emp where 1=1  花费10ms 

[INFO] 2016-10-18 15:01:26.188 [com.gf.ims.common.listener.GlobalListener.contextInitialized(GlobalListener.java:24)]
-----------------容器开始初始化-----------------

[INFO] 2016-10-18 15:01:26.193 [com.gf.ims.common.listener.GlobalListener.contextInitialized(GlobalListener.java:31)]
获取spring的容器成功！

[INFO] 2016-10-18 15:01:26.194 [com.gf.ims.common.listener.GlobalListener.contextInitialized(GlobalListener.java:34)]
*****************容器完成初始化*****************

[INFO] 2016-10-18 15:01:26.270 [org.springframework.web.servlet.FrameworkServlet.initServletBean(FrameworkServlet.java:489)]
FrameworkServlet 'mvc': initialization started

[INFO] 2016-10-18 15:01:26.274 [org.springframework.context.support.AbstractApplicationContext.prepareRefresh(AbstractApplicationContext.java:581)]
Refreshing WebApplicationContext for namespace 'mvc-servlet': startup date [Tue Oct 18 15:01:26 CST 2016]; parent: Root WebApplicationContext

[INFO] 2016-10-18 15:01:26.275 [org.springframework.beans.factory.xml.XmlBeanDefinitionReader.loadBeanDefinitions(XmlBeanDefinitionReader.java:317)]
Loading XML bean definitions from class path resource [com/gf/ims/resources/spring-mvc.xml]

[INFO] 2016-10-18 15:01:26.853 [org.springframework.web.servlet.handler.AbstractHandlerMethodMapping$MappingRegistry.register(AbstractHandlerMethodMapping.java:543)]
Mapped "{[/base/goURL/{folder1}/{folder2}/{file}]}" onto public java.lang.String com.gf.ims.web.acion.BaseAction.goURL(java.lang.String,java.lang.String,java.lang.String)

[INFO] 2016-10-18 15:01:26.856 [org.springframework.web.servlet.handler.AbstractHandlerMethodMapping$MappingRegistry.register(AbstractHandlerMethodMapping.java:543)]
Mapped "{[/test/test]}" onto public java.lang.Object com.gf.ims.web.acion.TestAction.Test()

[INFO] 2016-10-18 15:01:26.974 [org.springframework.web.servlet.mvc.method.annotation.RequestMappingHandlerAdapter.initControllerAdviceCache(RequestMappingHandlerAdapter.java:534)]
Looking for @ControllerAdvice: WebApplicationContext for namespace 'mvc-servlet': startup date [Tue Oct 18 15:01:26 CST 2016]; parent: Root WebApplicationContext

[INFO] 2016-10-18 15:01:27.074 [org.springframework.web.servlet.mvc.method.annotation.RequestMappingHandlerAdapter.initControllerAdviceCache(RequestMappingHandlerAdapter.java:534)]
Looking for @ControllerAdvice: WebApplicationContext for namespace 'mvc-servlet': startup date [Tue Oct 18 15:01:26 CST 2016]; parent: Root WebApplicationContext

[INFO] 2016-10-18 15:01:27.274 [org.springframework.web.servlet.FrameworkServlet.initServletBean(FrameworkServlet.java:508)]
FrameworkServlet 'mvc': initialization completed in 1004 ms

[INFO] 2016-10-18 15:01:36.240 [com.gf.ims.common.interceptor.MyInterceptor.preHandle(MyInterceptor.java:17)]
执行过滤器~~

[INFO] 2016-10-18 15:01:36.255 [common.DB.ConnConf.<init>(ConnConf.java:47)]
JDBC初始化配置完毕

[INFO] 2016-10-18 15:01:36.337 [com.mchange.v2.c3p0.impl.AbstractPoolBackedDataSource.getPoolManager(AbstractPoolBackedDataSource.java:462)]
Initializing c3p0 pool... com.mchange.v2.c3p0.ComboPooledDataSource [ acquireIncrement -> 5, acquireRetryAttempts -> 30, acquireRetryDelay -> 1000, autoCommitOnClose -> false, automaticTestTable -> null, breakAfterAcquireFailure -> false, checkoutTimeout -> 0, connectionCustomizerClassName -> null, connectionTesterClassName -> com.mchange.v2.c3p0.impl.DefaultConnectionTester, dataSourceName -> 1hge12l9j1njizo31ykvocz|6f84d895, debugUnreturnedConnectionStackTraces -> false, description -> null, driverClass -> com.mysql.jdbc.Driver, factoryClassLocation -> null, forceIgnoreUnresolvedTransactions -> false, identityToken -> 1hge12l9j1njizo31ykvocz|6f84d895, idleConnectionTestPeriod -> 18000, initialPoolSize -> 10, jdbcUrl -> jdbc:mysql://127.0.0.1:3306/ims_yun?createDatabaseIfNotExist=true&amp;useUnicode=true&amp;characterEncoding=utf-8&amp;zeroDateTimeBehavior=convertToNull&amp;autoReconnect=true, lastAcquisitionFailureDefaultUser -> null, maxAdministrativeTaskTime -> 0, maxConnectionAge -> 0, maxIdleTime -> 20, maxIdleTimeExcessConnections -> 0, maxPoolSize -> 25, maxStatements -> 0, maxStatementsPerConnection -> 0, minPoolSize -> 10, numHelperThreads -> 3, numThreadsAwaitingCheckoutDefaultUser -> 0, preferredTestQuery -> SELECT id FROM menu where id='1', properties -> {user=******, password=******}, propertyCycle -> 0, testConnectionOnCheckin -> true, testConnectionOnCheckout -> false, unreturnedConnectionTimeout -> 0, usesTraditionalReflectiveProxies -> false ]

[INFO] 2016-10-18 15:01:36.683 [common.DB.JDBC.query(JDBC.java:944)]
@jdbc:mysql://127.0.0.1:3306/ims_yun?createDatabaseIfNotExist=true&amp;useUnicode=true&amp;characterEncoding=utf-8&amp;zeroDateTimeBehavior=convertToNull&amp;autoReconnect=true JDBC EXECUTE SQL:select * from t_emp where 1=1  花费38ms 

[INFO] 2016-10-18 15:08:46.161 [com.gf.ims.common.listener.GlobalListener.contextInitialized(GlobalListener.java:24)]
-----------------容器开始初始化-----------------

[INFO] 2016-10-18 15:08:46.165 [com.gf.ims.common.listener.GlobalListener.contextInitialized(GlobalListener.java:31)]
获取spring的容器成功！

[INFO] 2016-10-18 15:08:46.166 [com.gf.ims.common.listener.GlobalListener.contextInitialized(GlobalListener.java:34)]
*****************容器完成初始化*****************

[INFO] 2016-10-18 15:08:46.242 [org.springframework.web.servlet.FrameworkServlet.initServletBean(FrameworkServlet.java:489)]
FrameworkServlet 'mvc': initialization started

[INFO] 2016-10-18 15:08:46.246 [org.springframework.context.support.AbstractApplicationContext.prepareRefresh(AbstractApplicationContext.java:581)]
Refreshing WebApplicationContext for namespace 'mvc-servlet': startup date [Tue Oct 18 15:08:46 CST 2016]; parent: Root WebApplicationContext

[INFO] 2016-10-18 15:08:46.247 [org.springframework.beans.factory.xml.XmlBeanDefinitionReader.loadBeanDefinitions(XmlBeanDefinitionReader.java:317)]
Loading XML bean definitions from class path resource [com/gf/ims/resources/spring-mvc.xml]

[INFO] 2016-10-18 15:08:46.835 [org.springframework.web.servlet.handler.AbstractHandlerMethodMapping$MappingRegistry.register(AbstractHandlerMethodMapping.java:543)]
Mapped "{[/base/goURL/{folder1}/{folder2}/{file}]}" onto public java.lang.String com.gf.ims.web.acion.BaseAction.goURL(java.lang.String,java.lang.String,java.lang.String)

[INFO] 2016-10-18 15:08:46.839 [org.springframework.web.servlet.handler.AbstractHandlerMethodMapping$MappingRegistry.register(AbstractHandlerMethodMapping.java:543)]
Mapped "{[/test/test]}" onto public java.lang.Object com.gf.ims.web.acion.TestAction.Test()

[INFO] 2016-10-18 15:08:47.028 [org.springframework.web.servlet.mvc.method.annotation.RequestMappingHandlerAdapter.initControllerAdviceCache(RequestMappingHandlerAdapter.java:534)]
Looking for @ControllerAdvice: WebApplicationContext for namespace 'mvc-servlet': startup date [Tue Oct 18 15:08:46 CST 2016]; parent: Root WebApplicationContext

[INFO] 2016-10-18 15:08:47.119 [org.springframework.web.servlet.mvc.method.annotation.RequestMappingHandlerAdapter.initControllerAdviceCache(RequestMappingHandlerAdapter.java:534)]
Looking for @ControllerAdvice: WebApplicationContext for namespace 'mvc-servlet': startup date [Tue Oct 18 15:08:46 CST 2016]; parent: Root WebApplicationContext

[INFO] 2016-10-18 15:08:47.355 [org.springframework.web.servlet.FrameworkServlet.initServletBean(FrameworkServlet.java:508)]
FrameworkServlet 'mvc': initialization completed in 1112 ms

[INFO] 2016-10-18 15:08:55.811 [com.gf.ims.common.interceptor.MyInterceptor.preHandle(MyInterceptor.java:17)]
执行过滤器~~

[INFO] 2016-10-18 15:08:55.826 [org.springframework.context.support.AbstractApplicationContext.prepareRefresh(AbstractApplicationContext.java:581)]
Refreshing org.springframework.context.support.ClassPathXmlApplicationContext@1fc4abdb: startup date [Tue Oct 18 15:08:55 CST 2016]; root of context hierarchy

[INFO] 2016-10-18 15:08:55.827 [org.springframework.beans.factory.xml.XmlBeanDefinitionReader.loadBeanDefinitions(XmlBeanDefinitionReader.java:317)]
Loading XML bean definitions from class path resource [com/gf/ims/resources/applicationContext-dao.xml]

[INFO] 2016-10-18 15:08:55.888 [org.springframework.core.io.support.PropertiesLoaderSupport.loadProperties(PropertiesLoaderSupport.java:172)]
Loading properties file from class path resource [com/gf/ims/resources/global.properties]

[INFO] 2016-10-18 15:08:56.096 [common.DB.ConnConf.<init>(ConnConf.java:47)]
JDBC初始化配置完毕

[INFO] 2016-10-18 15:08:56.174 [com.mchange.v2.c3p0.impl.AbstractPoolBackedDataSource.getPoolManager(AbstractPoolBackedDataSource.java:462)]
Initializing c3p0 pool... com.mchange.v2.c3p0.ComboPooledDataSource [ acquireIncrement -> 5, acquireRetryAttempts -> 30, acquireRetryDelay -> 1000, autoCommitOnClose -> false, automaticTestTable -> null, breakAfterAcquireFailure -> false, checkoutTimeout -> 0, connectionCustomizerClassName -> null, connectionTesterClassName -> com.mchange.v2.c3p0.impl.DefaultConnectionTester, dataSourceName -> 1hge12l9j1njsf5i1l6yb5t|6d8bf7d3, debugUnreturnedConnectionStackTraces -> false, description -> null, driverClass -> com.mysql.jdbc.Driver, factoryClassLocation -> null, forceIgnoreUnresolvedTransactions -> false, identityToken -> 1hge12l9j1njsf5i1l6yb5t|6d8bf7d3, idleConnectionTestPeriod -> 18000, initialPoolSize -> 10, jdbcUrl -> jdbc:mysql://127.0.0.1:3306/ims_yun?createDatabaseIfNotExist=true&amp;useUnicode=true&amp;characterEncoding=utf-8&amp;zeroDateTimeBehavior=convertToNull&amp;autoReconnect=true, lastAcquisitionFailureDefaultUser -> null, maxAdministrativeTaskTime -> 0, maxConnectionAge -> 0, maxIdleTime -> 20, maxIdleTimeExcessConnections -> 0, maxPoolSize -> 25, maxStatements -> 0, maxStatementsPerConnection -> 0, minPoolSize -> 10, numHelperThreads -> 3, numThreadsAwaitingCheckoutDefaultUser -> 0, preferredTestQuery -> SELECT id FROM menu where id='1', properties -> {user=******, password=******}, propertyCycle -> 0, testConnectionOnCheckin -> true, testConnectionOnCheckout -> false, unreturnedConnectionTimeout -> 0, usesTraditionalReflectiveProxies -> false ]

[INFO] 2016-10-18 15:08:56.450 [common.DB.JDBC.query(JDBC.java:944)]
@jdbc:mysql://127.0.0.1:3306/ims_yun?createDatabaseIfNotExist=true&amp;useUnicode=true&amp;characterEncoding=utf-8&amp;zeroDateTimeBehavior=convertToNull&amp;autoReconnect=true JDBC EXECUTE SQL:select * from t_emp where 1=1  花费8ms 

[INFO] 2016-10-18 15:09:07.590 [com.gf.ims.common.interceptor.MyInterceptor.preHandle(MyInterceptor.java:17)]
执行过滤器~~

[INFO] 2016-10-18 15:09:07.593 [common.DB.JDBC.query(JDBC.java:944)]
@jdbc:mysql://127.0.0.1:3306/ims_yun?createDatabaseIfNotExist=true&amp;useUnicode=true&amp;characterEncoding=utf-8&amp;zeroDateTimeBehavior=convertToNull&amp;autoReconnect=true JDBC EXECUTE SQL:select * from t_emp where 1=1  花费2ms 

[INFO] 2016-10-18 15:10:23.165 [com.gf.ims.common.interceptor.MyInterceptor.preHandle(MyInterceptor.java:17)]
执行拦截器~~

[INFO] 2016-10-18 15:10:23.168 [common.DB.JDBC.query(JDBC.java:944)]
@jdbc:mysql://127.0.0.1:3306/ims_yun?createDatabaseIfNotExist=true&amp;useUnicode=true&amp;characterEncoding=utf-8&amp;zeroDateTimeBehavior=convertToNull&amp;autoReconnect=true JDBC EXECUTE SQL:select * from t_emp where 1=1  花费1ms 

[INFO] 2016-10-18 16:10:31.943 [com.gf.ims.common.interceptor.MyInterceptor.preHandle(MyInterceptor.java:17)]
执行拦截器~~

[INFO] 2016-10-18 16:10:31.946 [common.DB.JDBC.query(JDBC.java:944)]
@jdbc:mysql://127.0.0.1:3306/ims_yun?createDatabaseIfNotExist=true&amp;useUnicode=true&amp;characterEncoding=utf-8&amp;zeroDateTimeBehavior=convertToNull&amp;autoReconnect=true JDBC EXECUTE SQL:select * from t_emp where 1=1  花费2ms 

[INFO] 2016-10-18 17:03:08.368 [com.gf.ims.common.interceptor.MyInterceptor.preHandle(MyInterceptor.java:17)]
执行拦截器~~

[INFO] 2016-10-18 17:03:08.403 [common.DB.JDBC.query(JDBC.java:944)]
@jdbc:mysql://127.0.0.1:3306/ims_yun?createDatabaseIfNotExist=true&amp;useUnicode=true&amp;characterEncoding=utf-8&amp;zeroDateTimeBehavior=convertToNull&amp;autoReconnect=true JDBC EXECUTE SQL:select * from t_emp where 1=1  花费1ms 

[INFO] 2016-10-18 17:05:07.774 [com.gf.ims.common.interceptor.MyInterceptor.preHandle(MyInterceptor.java:17)]
执行拦截器~~

[INFO] 2016-10-18 17:05:07.780 [common.DB.JDBC.query(JDBC.java:944)]
@jdbc:mysql://127.0.0.1:3306/ims_yun?createDatabaseIfNotExist=true&amp;useUnicode=true&amp;characterEncoding=utf-8&amp;zeroDateTimeBehavior=convertToNull&amp;autoReconnect=true JDBC EXECUTE SQL:select * from t_emp where 1=1  花费2ms 

[INFO] 2016-10-18 17:06:52.005 [com.gf.ims.common.interceptor.MyInterceptor.preHandle(MyInterceptor.java:17)]
执行拦截器~~

[INFO] 2016-10-18 17:06:52.007 [common.DB.JDBC.query(JDBC.java:944)]
@jdbc:mysql://127.0.0.1:3306/ims_yun?createDatabaseIfNotExist=true&amp;useUnicode=true&amp;characterEncoding=utf-8&amp;zeroDateTimeBehavior=convertToNull&amp;autoReconnect=true JDBC EXECUTE SQL:select * from t_emp where 1=1  花费0ms 

[INFO] 2016-10-18 17:11:27.075 [com.gf.ims.common.interceptor.MyInterceptor.preHandle(MyInterceptor.java:17)]
执行拦截器~~

[INFO] 2016-10-18 17:11:27.080 [common.DB.JDBC.query(JDBC.java:944)]
@jdbc:mysql://127.0.0.1:3306/ims_yun?createDatabaseIfNotExist=true&amp;useUnicode=true&amp;characterEncoding=utf-8&amp;zeroDateTimeBehavior=convertToNull&amp;autoReconnect=true JDBC EXECUTE SQL:select * from t_emp where 1=1  花费2ms 

[INFO] 2016-10-18 17:19:01.407 [com.gf.ims.common.interceptor.MyInterceptor.preHandle(MyInterceptor.java:17)]
执行拦截器~~

[INFO] 2016-10-18 17:19:01.409 [common.DB.JDBC.query(JDBC.java:944)]
@jdbc:mysql://127.0.0.1:3306/ims_yun?createDatabaseIfNotExist=true&amp;useUnicode=true&amp;characterEncoding=utf-8&amp;zeroDateTimeBehavior=convertToNull&amp;autoReconnect=true JDBC EXECUTE SQL:select * from t_emp where 1=1  花费1ms 

[INFO] 2016-10-18 17:19:37.782 [com.gf.ims.common.interceptor.MyInterceptor.preHandle(MyInterceptor.java:17)]
执行拦截器~~

[INFO] 2016-10-18 17:19:37.785 [common.DB.JDBC.query(JDBC.java:944)]
@jdbc:mysql://127.0.0.1:3306/ims_yun?createDatabaseIfNotExist=true&amp;useUnicode=true&amp;characterEncoding=utf-8&amp;zeroDateTimeBehavior=convertToNull&amp;autoReconnect=true JDBC EXECUTE SQL:select * from t_emp where 1=1  花费1ms 

[INFO] 2016-10-18 17:20:22.299 [com.gf.ims.common.interceptor.MyInterceptor.preHandle(MyInterceptor.java:17)]
执行拦截器~~

[INFO] 2016-10-18 17:20:22.302 [common.DB.JDBC.query(JDBC.java:944)]
@jdbc:mysql://127.0.0.1:3306/ims_yun?createDatabaseIfNotExist=true&amp;useUnicode=true&amp;characterEncoding=utf-8&amp;zeroDateTimeBehavior=convertToNull&amp;autoReconnect=true JDBC EXECUTE SQL:select * from t_emp where 1=1  花费2ms 

[INFO] 2016-10-18 17:23:58.005 [com.gf.ims.common.interceptor.MyInterceptor.preHandle(MyInterceptor.java:17)]
执行拦截器~~

[INFO] 2016-10-18 17:23:58.008 [common.DB.JDBC.query(JDBC.java:944)]
@jdbc:mysql://127.0.0.1:3306/ims_yun?createDatabaseIfNotExist=true&amp;useUnicode=true&amp;characterEncoding=utf-8&amp;zeroDateTimeBehavior=convertToNull&amp;autoReconnect=true JDBC EXECUTE SQL:select * from t_emp where 1=1  花费1ms 

[INFO] 2016-10-18 17:27:57.482 [com.gf.ims.common.interceptor.MyInterceptor.preHandle(MyInterceptor.java:17)]
执行拦截器~~

[INFO] 2016-10-18 17:27:57.486 [common.DB.JDBC.query(JDBC.java:944)]
@jdbc:mysql://127.0.0.1:3306/ims_yun?createDatabaseIfNotExist=true&amp;useUnicode=true&amp;characterEncoding=utf-8&amp;zeroDateTimeBehavior=convertToNull&amp;autoReconnect=true JDBC EXECUTE SQL:select * from t_emp where 1=1  花费2ms 

