[INFO] 2016-10-21 15:24:53.565 [com.gf.ims.common.listener.GlobalListener.contextInitialized(GlobalListener.java:24)]
-----------------容器开始初始化-----------------

[WARN] 2016-10-21 15:24:53.585 [com.gf.ims.common.listener.GlobalListener.contextDestroyed(GlobalListener.java:19)]
-----------------容器开始销毁-----------------

[WARN] 2016-10-21 15:24:53.586 [com.gf.ims.common.listener.GlobalListener.contextDestroyed(GlobalListener.java:20)]
*****************容器完成销毁*****************

[INFO] 2016-10-21 15:26:41.833 [com.gf.ims.common.listener.GlobalListener.contextInitialized(GlobalListener.java:24)]
-----------------容器开始初始化-----------------

[INFO] 2016-10-21 15:26:41.836 [com.gf.ims.common.listener.GlobalListener.contextInitialized(GlobalListener.java:31)]
获取spring的容器成功！

[INFO] 2016-10-21 15:26:41.841 [com.gf.ims.common.listener.GlobalListener.contextInitialized(GlobalListener.java:34)]
*****************容器完成初始化*****************

[INFO] 2016-10-21 15:26:41.939 [org.springframework.web.servlet.FrameworkServlet.initServletBean(FrameworkServlet.java:489)]
FrameworkServlet 'mvc': initialization started

[INFO] 2016-10-21 15:26:41.943 [org.springframework.context.support.AbstractApplicationContext.prepareRefresh(AbstractApplicationContext.java:581)]
Refreshing WebApplicationContext for namespace 'mvc-servlet': startup date [Fri Oct 21 15:26:41 CST 2016]; parent: Root WebApplicationContext

[INFO] 2016-10-21 15:26:41.944 [org.springframework.beans.factory.xml.XmlBeanDefinitionReader.loadBeanDefinitions(XmlBeanDefinitionReader.java:317)]
Loading XML bean definitions from class path resource [com/gf/ims/resources/spring-mvc.xml]

[INFO] 2016-10-21 15:26:42.990 [org.springframework.web.servlet.handler.AbstractHandlerMethodMapping$MappingRegistry.register(AbstractHandlerMethodMapping.java:543)]
Mapped "{[/pay/external/getWxPrepayidRequest]}" onto public java.lang.String com.gf.ims.pay.controller.PayCenterController.getWxPrepayidRequest(int,java.lang.String,java.lang.String,double,java.lang.String,java.lang.String,java.lang.String,java.lang.String,java.lang.String,java.lang.Integer,java.lang.String,java.lang.String,javax.servlet.http.HttpServletRequest,javax.servlet.http.HttpServletResponse) throws java.io.IOException

[INFO] 2016-10-21 15:26:42.991 [org.springframework.web.servlet.handler.AbstractHandlerMethodMapping$MappingRegistry.register(AbstractHandlerMethodMapping.java:543)]
Mapped "{[/pay/external/getWxPayOrderStatus]}" onto public java.lang.String com.gf.ims.pay.controller.PayCenterController.getWxPayOrderStatus(int,java.lang.String,java.lang.String,java.lang.String,java.lang.String,java.lang.Integer,java.lang.String,javax.servlet.http.HttpServletRequest,javax.servlet.http.HttpServletResponse) throws java.io.IOException

[INFO] 2016-10-21 15:26:42.992 [org.springframework.web.servlet.handler.AbstractHandlerMethodMapping$MappingRegistry.register(AbstractHandlerMethodMapping.java:543)]
Mapped "{[/base/goURL/{folder1}/{folder2}/{file}]}" onto public java.lang.String com.gf.ims.web.acion.BaseAction.goURL(java.lang.String,java.lang.String,java.lang.String)

[INFO] 2016-10-21 15:26:42.993 [org.springframework.web.servlet.handler.AbstractHandlerMethodMapping$MappingRegistry.register(AbstractHandlerMethodMapping.java:543)]
Mapped "{[/test/test]}" onto public java.lang.Object com.gf.ims.web.acion.TestAction.Test()

[INFO] 2016-10-21 15:26:43.119 [org.springframework.web.servlet.mvc.method.annotation.RequestMappingHandlerAdapter.initControllerAdviceCache(RequestMappingHandlerAdapter.java:534)]
Looking for @ControllerAdvice: WebApplicationContext for namespace 'mvc-servlet': startup date [Fri Oct 21 15:26:41 CST 2016]; parent: Root WebApplicationContext

[INFO] 2016-10-21 15:26:43.243 [org.springframework.web.servlet.mvc.method.annotation.RequestMappingHandlerAdapter.initControllerAdviceCache(RequestMappingHandlerAdapter.java:534)]
Looking for @ControllerAdvice: WebApplicationContext for namespace 'mvc-servlet': startup date [Fri Oct 21 15:26:41 CST 2016]; parent: Root WebApplicationContext

[INFO] 2016-10-21 15:26:43.563 [org.springframework.web.servlet.FrameworkServlet.initServletBean(FrameworkServlet.java:508)]
FrameworkServlet 'mvc': initialization completed in 1624 ms

[INFO] 2016-10-21 15:54:25.608 [com.gf.ims.common.listener.GlobalListener.contextInitialized(GlobalListener.java:24)]
-----------------容器开始初始化-----------------

[INFO] 2016-10-21 15:54:25.612 [com.gf.ims.common.listener.GlobalListener.contextInitialized(GlobalListener.java:31)]
获取spring的容器成功！

[INFO] 2016-10-21 15:54:25.615 [com.gf.ims.common.listener.GlobalListener.contextInitialized(GlobalListener.java:34)]
*****************容器完成初始化*****************

[INFO] 2016-10-21 15:54:25.701 [org.springframework.web.servlet.FrameworkServlet.initServletBean(FrameworkServlet.java:489)]
FrameworkServlet 'mvc': initialization started

[INFO] 2016-10-21 15:54:25.705 [org.springframework.context.support.AbstractApplicationContext.prepareRefresh(AbstractApplicationContext.java:581)]
Refreshing WebApplicationContext for namespace 'mvc-servlet': startup date [Fri Oct 21 15:54:25 CST 2016]; parent: Root WebApplicationContext

[INFO] 2016-10-21 15:54:25.707 [org.springframework.beans.factory.xml.XmlBeanDefinitionReader.loadBeanDefinitions(XmlBeanDefinitionReader.java:317)]
Loading XML bean definitions from class path resource [com/gf/ims/resources/spring-mvc.xml]

[INFO] 2016-10-21 15:54:26.315 [org.springframework.web.servlet.handler.AbstractHandlerMethodMapping$MappingRegistry.register(AbstractHandlerMethodMapping.java:543)]
Mapped "{[/pay/external/getWxPrepayidRequest]}" onto public java.lang.String com.gf.ims.pay.controller.PayCenterController.getWxPrepayidRequest(int,java.lang.String,java.lang.String,double,java.lang.String,java.lang.String,java.lang.String,java.lang.String,java.lang.String,java.lang.Integer,java.lang.String,java.lang.String,javax.servlet.http.HttpServletRequest,javax.servlet.http.HttpServletResponse) throws java.io.IOException

[INFO] 2016-10-21 15:54:26.317 [org.springframework.web.servlet.handler.AbstractHandlerMethodMapping$MappingRegistry.register(AbstractHandlerMethodMapping.java:543)]
Mapped "{[/pay/external/getWxPayOrderStatus]}" onto public java.lang.String com.gf.ims.pay.controller.PayCenterController.getWxPayOrderStatus(int,java.lang.String,java.lang.String,java.lang.String,java.lang.String,java.lang.Integer,java.lang.String,javax.servlet.http.HttpServletRequest,javax.servlet.http.HttpServletResponse) throws java.io.IOException

[INFO] 2016-10-21 15:54:26.318 [org.springframework.web.servlet.handler.AbstractHandlerMethodMapping$MappingRegistry.register(AbstractHandlerMethodMapping.java:543)]
Mapped "{[/base/goURL/{folder1}/{folder2}/{file}]}" onto public java.lang.String com.gf.ims.web.acion.BaseAction.goURL(java.lang.String,java.lang.String,java.lang.String)

[INFO] 2016-10-21 15:54:26.320 [org.springframework.web.servlet.handler.AbstractHandlerMethodMapping$MappingRegistry.register(AbstractHandlerMethodMapping.java:543)]
Mapped "{[/test/test]}" onto public java.lang.Object com.gf.ims.web.acion.TestAction.Test()

[INFO] 2016-10-21 15:54:26.435 [org.springframework.web.servlet.mvc.method.annotation.RequestMappingHandlerAdapter.initControllerAdviceCache(RequestMappingHandlerAdapter.java:534)]
Looking for @ControllerAdvice: WebApplicationContext for namespace 'mvc-servlet': startup date [Fri Oct 21 15:54:25 CST 2016]; parent: Root WebApplicationContext

[INFO] 2016-10-21 15:54:26.504 [org.springframework.web.servlet.mvc.method.annotation.RequestMappingHandlerAdapter.initControllerAdviceCache(RequestMappingHandlerAdapter.java:534)]
Looking for @ControllerAdvice: WebApplicationContext for namespace 'mvc-servlet': startup date [Fri Oct 21 15:54:25 CST 2016]; parent: Root WebApplicationContext

[INFO] 2016-10-21 15:54:26.717 [org.springframework.web.servlet.FrameworkServlet.initServletBean(FrameworkServlet.java:508)]
FrameworkServlet 'mvc': initialization completed in 1015 ms

